[handleMsg]:  {
  key: {
    remoteJid: '51946626935@s.whatsapp.net',
    fromMe: false,
    id: 'CE6B11339EF20C70A6340023C4E26AF2',
    participant: undefined
  },
  messageTimestamp: 1716522073,
  pushName: 'Jose',
  broadcast: false,
  message: Message {
    conversation: 'En q año fue fundada la empresa',
    messageContextInfo: MessageContextInfo {
      deviceListMetadata: [DeviceListMetadata],
      deviceListMetadataVersion: 2
    }
  },
  body: 'En q año fue fundada la empresa',
  from: '51946626935'
}
[QUEUE_SE_ENVIO]:  {
  ref: 'ans_187d9d44-ff72-4059-9ac5-01ad0fb6b27a',
  keyword: 'key_fbecfc38-39b9-44d7-a28a-6c5926d067b8',
  answer: '__call_action__',
  options: {
    media: null,
    buttons: [],
    capture: false,
    child: null,
    delay: 0,
    idle: null,
    ref: null,
    nested: [],
    keyword: {},
    callback: true
  },
  refSerialize: 'f78a3dacd9666aa0abd54a3cd1ef45fb'
}
